<?xml version="1.0" encoding="UTF-8"?>
<!-- Generated by org.testng.reporters.JUnitReportReporter -->
<testsuite hostname="DESKTOP-UB22PKC" failures="0" tests="1" name="com.mystore_actiondriver.Actiondriver_TestBase" time="28.367" errors="0" timestamp="2024-11-14T14:03:40 IST" skipped="0">
  <testcase classname="com.mystore_actiondriver.Actiondriver_TestBase" name="testing" time="28.367"/>
  <system-out/>
</testsuite> <!-- com.mystore_actiondriver.Actiondriver_TestBase -->
