<?xml version="1.0" encoding="UTF-8"?>
<!-- Generated by org.testng.reporters.JUnitReportReporter -->
<testsuite hostname="DESKTOP-UB22PKC" failures="0" tests="1" name="com.mystore.actiondriver.TestClass" time="87.619" errors="0" timestamp="2024-11-15T07:44:54 IST" skipped="0">
  <testcase classname="com.mystore.actiondriver.TestClass" name="testing" time="87.619"/>
  <system-out/>
</testsuite> <!-- com.mystore.actiondriver.TestClass -->
